2026-01-03 19:39:26,933 - httpx - INFO - HTTP Request: POST http://localhost:11434/v1/chat/completions "HTTP/1.1 200 OK"
2026-01-03 19:39:30,642 - httpx - INFO - HTTP Request: POST http://localhost:11434/v1/chat/completions "HTTP/1.1 200 OK"
2026-01-03 19:39:44,376 - httpx - INFO - HTTP Request: POST http://localhost:11434/v1/chat/completions "HTTP/1.1 200 OK"
2026-01-03 19:39:52,959 - httpx - INFO - HTTP Request: POST http://localhost:11434/v1/chat/completions "HTTP/1.1 200 OK"
2026-01-03 19:40:32,384 - httpx - INFO - HTTP Request: POST http://localhost:11434/v1/embeddings "HTTP/1.1 200 OK"
2026-01-03 19:40:32,521 - httpx - INFO - HTTP Request: POST http://localhost:11434/v1/embeddings "HTTP/1.1 200 OK"
2026-01-03 19:40:32,642 - httpx - INFO - HTTP Request: POST http://localhost:11434/v1/embeddings "HTTP/1.1 200 OK"
2026-01-03 19:40:32,755 - httpx - INFO - HTTP Request: POST http://localhost:11434/v1/embeddings "HTTP/1.1 200 OK"
2026-01-03 19:40:32,873 - httpx - INFO - HTTP Request: POST http://localhost:11434/v1/embeddings "HTTP/1.1 200 OK"
2026-01-03 19:40:32,983 - httpx - INFO - HTTP Request: POST http://localhost:11434/v1/embeddings "HTTP/1.1 200 OK"
2026-01-03 19:40:33,073 - httpx - INFO - HTTP Request: POST http://localhost:11434/v1/embeddings "HTTP/1.1 200 OK"
2026-01-03 19:40:33,165 - httpx - INFO - HTTP Request: POST http://localhost:11434/v1/embeddings "HTTP/1.1 200 OK"
2026-01-03 19:40:33,224 - httpx - INFO - HTTP Request: POST http://localhost:11434/v1/embeddings "HTTP/1.1 200 OK"
2026-01-03 19:40:33,277 - httpx - INFO - HTTP Request: POST http://localhost:11434/v1/embeddings "HTTP/1.1 200 OK"
2026-01-03 19:40:33,327 - httpx - INFO - HTTP Request: POST http://localhost:11434/v1/embeddings "HTTP/1.1 200 OK"
2026-01-03 19:40:33,372 - httpx - INFO - HTTP Request: POST http://localhost:11434/v1/embeddings "HTTP/1.1 200 OK"
2026-01-03 19:40:33,424 - httpx - INFO - HTTP Request: POST http://localhost:11434/v1/embeddings "HTTP/1.1 200 OK"
2026-01-03 19:40:33,474 - httpx - INFO - HTTP Request: POST http://localhost:11434/v1/embeddings "HTTP/1.1 200 OK"
2026-01-03 19:40:33,520 - httpx - INFO - HTTP Request: POST http://localhost:11434/v1/embeddings "HTTP/1.1 200 OK"
2026-01-03 19:40:33,566 - httpx - INFO - HTTP Request: POST http://localhost:11434/v1/embeddings "HTTP/1.1 200 OK"
2026-01-03 19:40:33,610 - httpx - INFO - HTTP Request: POST http://localhost:11434/v1/embeddings "HTTP/1.1 200 OK"
2026-01-03 19:40:33,663 - httpx - INFO - HTTP Request: POST http://localhost:11434/v1/embeddings "HTTP/1.1 200 OK"
2026-01-03 19:40:33,707 - httpx - INFO - HTTP Request: POST http://localhost:11434/v1/embeddings "HTTP/1.1 200 OK"
2026-01-03 19:40:33,750 - httpx - INFO - HTTP Request: POST http://localhost:11434/v1/embeddings "HTTP/1.1 200 OK"
2026-01-03 19:40:33,792 - httpx - INFO - HTTP Request: POST http://localhost:11434/v1/embeddings "HTTP/1.1 200 OK"
2026-01-03 19:40:33,838 - httpx - INFO - HTTP Request: POST http://localhost:11434/v1/embeddings "HTTP/1.1 200 OK"
2026-01-03 19:40:33,881 - httpx - INFO - HTTP Request: POST http://localhost:11434/v1/embeddings "HTTP/1.1 200 OK"
2026-01-03 19:40:33,923 - httpx - INFO - HTTP Request: POST http://localhost:11434/v1/embeddings "HTTP/1.1 200 OK"
2026-01-03 19:40:33,965 - httpx - INFO - HTTP Request: POST http://localhost:11434/v1/embeddings "HTTP/1.1 200 OK"
2026-01-03 19:40:34,017 - httpx - INFO - HTTP Request: POST http://localhost:11434/v1/embeddings "HTTP/1.1 200 OK"
2026-01-03 19:40:34,061 - httpx - INFO - HTTP Request: POST http://localhost:11434/v1/embeddings "HTTP/1.1 200 OK"
2026-01-03 19:40:34,109 - httpx - INFO - HTTP Request: POST http://localhost:11434/v1/embeddings "HTTP/1.1 200 OK"
2026-01-03 19:40:34,152 - httpx - INFO - HTTP Request: POST http://localhost:11434/v1/embeddings "HTTP/1.1 200 OK"
2026-01-03 19:40:34,196 - httpx - INFO - HTTP Request: POST http://localhost:11434/v1/embeddings "HTTP/1.1 200 OK"
2026-01-03 19:40:34,242 - httpx - INFO - HTTP Request: POST http://localhost:11434/v1/embeddings "HTTP/1.1 200 OK"
2026-01-03 19:40:34,291 - httpx - INFO - HTTP Request: POST http://localhost:11434/v1/embeddings "HTTP/1.1 200 OK"
2026-01-03 19:40:34,341 - httpx - INFO - HTTP Request: POST http://localhost:11434/v1/embeddings "HTTP/1.1 200 OK"
2026-01-03 19:40:34,389 - httpx - INFO - HTTP Request: POST http://localhost:11434/v1/embeddings "HTTP/1.1 200 OK"
2026-01-03 19:40:34,432 - httpx - INFO - HTTP Request: POST http://localhost:11434/v1/embeddings "HTTP/1.1 200 OK"
2026-01-03 19:40:34,476 - httpx - INFO - HTTP Request: POST http://localhost:11434/v1/embeddings "HTTP/1.1 200 OK"
2026-01-03 19:40:34,518 - httpx - INFO - HTTP Request: POST http://localhost:11434/v1/embeddings "HTTP/1.1 200 OK"
2026-01-03 19:40:34,557 - httpx - INFO - HTTP Request: POST http://localhost:11434/v1/embeddings "HTTP/1.1 200 OK"
2026-01-03 19:40:34,600 - httpx - INFO - HTTP Request: POST http://localhost:11434/v1/embeddings "HTTP/1.1 200 OK"
2026-01-03 19:40:34,643 - httpx - INFO - HTTP Request: POST http://localhost:11434/v1/embeddings "HTTP/1.1 200 OK"
2026-01-03 19:40:34,688 - httpx - INFO - HTTP Request: POST http://localhost:11434/v1/embeddings "HTTP/1.1 200 OK"
2026-01-03 19:40:34,730 - httpx - INFO - HTTP Request: POST http://localhost:11434/v1/embeddings "HTTP/1.1 200 OK"
2026-01-03 19:40:34,775 - httpx - INFO - HTTP Request: POST http://localhost:11434/v1/embeddings "HTTP/1.1 200 OK"
2026-01-03 19:40:34,817 - httpx - INFO - HTTP Request: POST http://localhost:11434/v1/embeddings "HTTP/1.1 200 OK"
2026-01-03 19:40:34,863 - httpx - INFO - HTTP Request: POST http://localhost:11434/v1/embeddings "HTTP/1.1 200 OK"
2026-01-03 19:40:34,905 - httpx - INFO - HTTP Request: POST http://localhost:11434/v1/embeddings "HTTP/1.1 200 OK"
2026-01-03 19:40:34,953 - httpx - INFO - HTTP Request: POST http://localhost:11434/v1/embeddings "HTTP/1.1 200 OK"
2026-01-03 19:40:34,995 - httpx - INFO - HTTP Request: POST http://localhost:11434/v1/embeddings "HTTP/1.1 200 OK"
2026-01-03 19:40:35,035 - httpx - INFO - HTTP Request: POST http://localhost:11434/v1/embeddings "HTTP/1.1 200 OK"
2026-01-03 19:40:35,077 - httpx - INFO - HTTP Request: POST http://localhost:11434/v1/embeddings "HTTP/1.1 200 OK"
2026-01-03 19:40:35,119 - httpx - INFO - HTTP Request: POST http://localhost:11434/v1/embeddings "HTTP/1.1 200 OK"
2026-01-03 19:40:35,160 - httpx - INFO - HTTP Request: POST http://localhost:11434/v1/embeddings "HTTP/1.1 200 OK"
2026-01-03 19:40:35,200 - httpx - INFO - HTTP Request: POST http://localhost:11434/v1/embeddings "HTTP/1.1 200 OK"
2026-01-03 19:40:35,246 - httpx - INFO - HTTP Request: POST http://localhost:11434/v1/embeddings "HTTP/1.1 200 OK"
2026-01-03 19:40:35,291 - httpx - INFO - HTTP Request: POST http://localhost:11434/v1/embeddings "HTTP/1.1 200 OK"
2026-01-03 19:40:35,338 - httpx - INFO - HTTP Request: POST http://localhost:11434/v1/embeddings "HTTP/1.1 200 OK"
2026-01-03 19:40:35,378 - httpx - INFO - HTTP Request: POST http://localhost:11434/v1/embeddings "HTTP/1.1 200 OK"
2026-01-03 19:40:35,419 - httpx - INFO - HTTP Request: POST http://localhost:11434/v1/embeddings "HTTP/1.1 200 OK"
2026-01-03 19:40:35,469 - httpx - INFO - HTTP Request: POST http://localhost:11434/v1/embeddings "HTTP/1.1 200 OK"
2026-01-03 19:40:35,521 - httpx - INFO - HTTP Request: POST http://localhost:11434/v1/embeddings "HTTP/1.1 200 OK"
2026-01-03 19:40:35,565 - httpx - INFO - HTTP Request: POST http://localhost:11434/v1/embeddings "HTTP/1.1 200 OK"
2026-01-03 19:40:35,609 - httpx - INFO - HTTP Request: POST http://localhost:11434/v1/embeddings "HTTP/1.1 200 OK"
2026-01-03 19:40:35,654 - httpx - INFO - HTTP Request: POST http://localhost:11434/v1/embeddings "HTTP/1.1 200 OK"
2026-01-03 19:40:35,698 - httpx - INFO - HTTP Request: POST http://localhost:11434/v1/embeddings "HTTP/1.1 200 OK"
2026-01-03 19:40:35,738 - httpx - INFO - HTTP Request: POST http://localhost:11434/v1/embeddings "HTTP/1.1 200 OK"
2026-01-03 19:40:35,779 - httpx - INFO - HTTP Request: POST http://localhost:11434/v1/embeddings "HTTP/1.1 200 OK"
2026-01-03 19:40:35,824 - httpx - INFO - HTTP Request: POST http://localhost:11434/v1/embeddings "HTTP/1.1 200 OK"
2026-01-03 19:40:35,868 - httpx - INFO - HTTP Request: POST http://localhost:11434/v1/embeddings "HTTP/1.1 200 OK"
2026-01-03 19:40:35,912 - httpx - INFO - HTTP Request: POST http://localhost:11434/v1/embeddings "HTTP/1.1 200 OK"
2026-01-03 19:40:35,951 - httpx - INFO - HTTP Request: POST http://localhost:11434/v1/embeddings "HTTP/1.1 200 OK"
2026-01-03 19:40:35,990 - httpx - INFO - HTTP Request: POST http://localhost:11434/v1/embeddings "HTTP/1.1 200 OK"
2026-01-03 19:40:36,029 - httpx - INFO - HTTP Request: POST http://localhost:11434/v1/embeddings "HTTP/1.1 200 OK"
2026-01-03 19:40:36,071 - httpx - INFO - HTTP Request: POST http://localhost:11434/v1/embeddings "HTTP/1.1 200 OK"
2026-01-03 19:40:36,114 - httpx - INFO - HTTP Request: POST http://localhost:11434/v1/embeddings "HTTP/1.1 200 OK"
2026-01-03 19:40:36,157 - httpx - INFO - HTTP Request: POST http://localhost:11434/v1/embeddings "HTTP/1.1 200 OK"
2026-01-03 19:40:36,196 - httpx - INFO - HTTP Request: POST http://localhost:11434/v1/embeddings "HTTP/1.1 200 OK"
2026-01-03 19:40:36,239 - httpx - INFO - HTTP Request: POST http://localhost:11434/v1/embeddings "HTTP/1.1 200 OK"
2026-01-03 19:40:36,281 - httpx - INFO - HTTP Request: POST http://localhost:11434/v1/embeddings "HTTP/1.1 200 OK"
2026-01-03 19:40:36,326 - httpx - INFO - HTTP Request: POST http://localhost:11434/v1/embeddings "HTTP/1.1 200 OK"
2026-01-03 19:40:36,377 - httpx - INFO - HTTP Request: POST http://localhost:11434/v1/embeddings "HTTP/1.1 200 OK"
2026-01-03 19:40:36,422 - httpx - INFO - HTTP Request: POST http://localhost:11434/v1/embeddings "HTTP/1.1 200 OK"
2026-01-03 19:40:36,463 - httpx - INFO - HTTP Request: POST http://localhost:11434/v1/embeddings "HTTP/1.1 200 OK"
2026-01-03 19:40:36,503 - httpx - INFO - HTTP Request: POST http://localhost:11434/v1/embeddings "HTTP/1.1 200 OK"
2026-01-03 19:40:36,548 - httpx - INFO - HTTP Request: POST http://localhost:11434/v1/embeddings "HTTP/1.1 200 OK"
2026-01-03 19:40:36,587 - httpx - INFO - HTTP Request: POST http://localhost:11434/v1/embeddings "HTTP/1.1 200 OK"
2026-01-03 19:40:36,625 - httpx - INFO - HTTP Request: POST http://localhost:11434/v1/embeddings "HTTP/1.1 200 OK"
2026-01-03 19:40:36,663 - httpx - INFO - HTTP Request: POST http://localhost:11434/v1/embeddings "HTTP/1.1 200 OK"
2026-01-03 19:40:36,706 - httpx - INFO - HTTP Request: POST http://localhost:11434/v1/embeddings "HTTP/1.1 200 OK"
2026-01-03 19:40:36,750 - httpx - INFO - HTTP Request: POST http://localhost:11434/v1/embeddings "HTTP/1.1 200 OK"
2026-01-03 19:40:36,789 - httpx - INFO - HTTP Request: POST http://localhost:11434/v1/embeddings "HTTP/1.1 200 OK"
2026-01-03 19:40:36,827 - httpx - INFO - HTTP Request: POST http://localhost:11434/v1/embeddings "HTTP/1.1 200 OK"
2026-01-03 19:40:36,867 - httpx - INFO - HTTP Request: POST http://localhost:11434/v1/embeddings "HTTP/1.1 200 OK"
2026-01-03 19:40:36,906 - httpx - INFO - HTTP Request: POST http://localhost:11434/v1/embeddings "HTTP/1.1 200 OK"
2026-01-03 19:40:36,946 - httpx - INFO - HTTP Request: POST http://localhost:11434/v1/embeddings "HTTP/1.1 200 OK"
2026-01-03 19:40:36,986 - httpx - INFO - HTTP Request: POST http://localhost:11434/v1/embeddings "HTTP/1.1 200 OK"
2026-01-03 19:40:37,028 - httpx - INFO - HTTP Request: POST http://localhost:11434/v1/embeddings "HTTP/1.1 200 OK"
2026-01-03 19:40:37,068 - httpx - INFO - HTTP Request: POST http://localhost:11434/v1/embeddings "HTTP/1.1 200 OK"
2026-01-03 19:40:37,108 - httpx - INFO - HTTP Request: POST http://localhost:11434/v1/embeddings "HTTP/1.1 200 OK"
2026-01-03 19:40:37,147 - httpx - INFO - HTTP Request: POST http://localhost:11434/v1/embeddings "HTTP/1.1 200 OK"
2026-01-03 19:40:37,192 - httpx - INFO - HTTP Request: POST http://localhost:11434/v1/embeddings "HTTP/1.1 200 OK"
2026-01-03 19:40:37,231 - httpx - INFO - HTTP Request: POST http://localhost:11434/v1/embeddings "HTTP/1.1 200 OK"
2026-01-03 19:40:37,276 - httpx - INFO - HTTP Request: POST http://localhost:11434/v1/embeddings "HTTP/1.1 200 OK"
2026-01-03 19:40:37,313 - httpx - INFO - HTTP Request: POST http://localhost:11434/v1/embeddings "HTTP/1.1 200 OK"
2026-01-03 19:40:37,353 - httpx - INFO - HTTP Request: POST http://localhost:11434/v1/embeddings "HTTP/1.1 200 OK"
2026-01-03 19:40:37,391 - httpx - INFO - HTTP Request: POST http://localhost:11434/v1/embeddings "HTTP/1.1 200 OK"
2026-01-03 19:40:37,434 - httpx - INFO - HTTP Request: POST http://localhost:11434/v1/embeddings "HTTP/1.1 200 OK"
2026-01-03 19:40:37,473 - httpx - INFO - HTTP Request: POST http://localhost:11434/v1/embeddings "HTTP/1.1 200 OK"
2026-01-03 19:40:37,514 - httpx - INFO - HTTP Request: POST http://localhost:11434/v1/embeddings "HTTP/1.1 200 OK"
2026-01-03 19:40:37,554 - httpx - INFO - HTTP Request: POST http://localhost:11434/v1/embeddings "HTTP/1.1 200 OK"
2026-01-03 19:40:37,592 - httpx - INFO - HTTP Request: POST http://localhost:11434/v1/embeddings "HTTP/1.1 200 OK"
2026-01-03 19:40:37,630 - httpx - INFO - HTTP Request: POST http://localhost:11434/v1/embeddings "HTTP/1.1 200 OK"
2026-01-03 19:40:37,666 - httpx - INFO - HTTP Request: POST http://localhost:11434/v1/embeddings "HTTP/1.1 200 OK"
2026-01-03 19:40:37,708 - httpx - INFO - HTTP Request: POST http://localhost:11434/v1/embeddings "HTTP/1.1 200 OK"
2026-01-03 19:40:37,746 - httpx - INFO - HTTP Request: POST http://localhost:11434/v1/embeddings "HTTP/1.1 200 OK"
2026-01-03 19:40:37,788 - httpx - INFO - HTTP Request: POST http://localhost:11434/v1/embeddings "HTTP/1.1 200 OK"
2026-01-03 19:40:42,481 - httpx - INFO - HTTP Request: POST http://localhost:11434/v1/embeddings "HTTP/1.1 200 OK"
2026-01-03 19:40:47,135 - httpx - INFO - HTTP Request: POST http://localhost:11434/v1/embeddings "HTTP/1.1 200 OK"
2026-01-03 19:40:51,163 - httpx - INFO - HTTP Request: POST http://localhost:11434/v1/embeddings "HTTP/1.1 200 OK"
2026-01-03 19:40:51,229 - httpx - INFO - HTTP Request: POST http://localhost:11434/v1/embeddings "HTTP/1.1 200 OK"
2026-01-03 19:40:55,787 - httpx - INFO - HTTP Request: POST http://localhost:11434/v1/embeddings "HTTP/1.1 200 OK"
2026-01-03 19:41:00,191 - httpx - INFO - HTTP Request: POST http://localhost:11434/v1/embeddings "HTTP/1.1 200 OK"
2026-01-03 19:41:03,857 - httpx - INFO - HTTP Request: POST http://localhost:11434/v1/embeddings "HTTP/1.1 200 OK"
2026-01-03 19:41:07,915 - httpx - INFO - HTTP Request: POST http://localhost:11434/v1/embeddings "HTTP/1.1 200 OK"
2026-01-03 19:41:11,693 - httpx - INFO - HTTP Request: POST http://localhost:11434/v1/embeddings "HTTP/1.1 200 OK"
2026-01-03 19:41:15,518 - httpx - INFO - HTTP Request: POST http://localhost:11434/v1/embeddings "HTTP/1.1 200 OK"
2026-01-03 19:41:18,488 - httpx - INFO - HTTP Request: POST http://localhost:11434/v1/embeddings "HTTP/1.1 200 OK"
2026-01-03 19:41:21,224 - httpx - INFO - HTTP Request: POST http://localhost:11434/v1/embeddings "HTTP/1.1 200 OK"
2026-01-03 19:41:43,695 - httpx - INFO - HTTP Request: POST http://localhost:11434/v1/chat/completions "HTTP/1.1 200 OK"
2026-01-03 19:42:17,694 - httpx - INFO - HTTP Request: POST http://localhost:11434/v1/chat/completions "HTTP/1.1 200 OK"
2026-01-03 19:42:43,331 - httpx - INFO - HTTP Request: POST http://localhost:11434/v1/embeddings "HTTP/1.1 200 OK"
2026-01-03 19:42:49,664 - httpx - INFO - HTTP Request: POST http://localhost:11434/v1/chat/completions "HTTP/1.1 200 OK"
2026-01-03 19:44:41,643 - AI_Recruiter - ERROR - Schedule validation failed: Missing optional dependency 'openpyxl'.  Use pip or conda to install openpyxl.
Traceback (most recent call last):
  File "/home/austin-dmello/fccrepomajorproj/swarm-writer-agents/ai-recruiter-agency/venv/lib/python3.12/site-packages/pandas/compat/_optional.py", line 135, in import_optional_dependency
    module = importlib.import_module(name)
             ^^^^^^^^^^^^^^^^^^^^^^^^^^^^^
  File "/usr/lib/python3.12/importlib/__init__.py", line 90, in import_module
    return _bootstrap._gcd_import(name[level:], package, level)
           ^^^^^^^^^^^^^^^^^^^^^^^^^^^^^^^^^^^^^^^^^^^^^^^^^^^^
  File "<frozen importlib._bootstrap>", line 1387, in _gcd_import
  File "<frozen importlib._bootstrap>", line 1360, in _find_and_load
  File "<frozen importlib._bootstrap>", line 1324, in _find_and_load_unlocked
ModuleNotFoundError: No module named 'openpyxl'

During handling of the above exception, another exception occurred:

Traceback (most recent call last):
  File "/home/austin-dmello/fccrepomajorproj/swarm-writer-agents/ai-recruiter-agency/app.py", line 288, in render_schedule_validation
    schedule_meta, schedule_items = parse_schedule_file(schedule_file)
                                    ^^^^^^^^^^^^^^^^^^^^^^^^^^^^^^^^^^
  File "/home/austin-dmello/fccrepomajorproj/swarm-writer-agents/ai-recruiter-agency/utils/parsers.py", line 56, in parse_schedule_file
    df = pd.read_excel(uploaded_file)
         ^^^^^^^^^^^^^^^^^^^^^^^^^^^^
  File "/home/austin-dmello/fccrepomajorproj/swarm-writer-agents/ai-recruiter-agency/venv/lib/python3.12/site-packages/pandas/io/excel/_base.py", line 495, in read_excel
    io = ExcelFile(
         ^^^^^^^^^^
  File "/home/austin-dmello/fccrepomajorproj/swarm-writer-agents/ai-recruiter-agency/venv/lib/python3.12/site-packages/pandas/io/excel/_base.py", line 1567, in __init__
    self._reader = self._engines[engine](
                   ^^^^^^^^^^^^^^^^^^^^^^
  File "/home/austin-dmello/fccrepomajorproj/swarm-writer-agents/ai-recruiter-agency/venv/lib/python3.12/site-packages/pandas/io/excel/_openpyxl.py", line 552, in __init__
    import_optional_dependency("openpyxl")
  File "/home/austin-dmello/fccrepomajorproj/swarm-writer-agents/ai-recruiter-agency/venv/lib/python3.12/site-packages/pandas/compat/_optional.py", line 138, in import_optional_dependency
    raise ImportError(msg)
ImportError: Missing optional dependency 'openpyxl'.  Use pip or conda to install openpyxl.
